<?xml version="1.0" encoding="UTF-8"?>
<!-- Generated by org.testng.reporters.JUnitReportReporter -->
<testsuite hostname="DESKTOP-CUCEP8Q" failures="0" tests="2" name="APITests" time="4.851" errors="0" timestamp="2022-11-09T13:23:12 IST" skipped="0">
  <testcase classname="APITests" name="test1" time="4.474"/>
  <system-out/>
  <testcase classname="APITests" name="test2" time="0.377"/>
  <system-out/>
</testsuite> <!-- APITests -->
